<?xml version="1.0" encoding="UTF-8"?>
<!-- Generated by org.testng.reporters.JUnitReportReporter -->
<testsuite skipped="0" hostname="DESKTOP-ACUK7UO" name="org.testng.feuture.Excepted_Exception" tests="1" failures="0" timestamp="2022-03-30T21:18:49 IST" time="0.024" errors="0">
  <testcase name="CalCulator" time="0.024" classname="org.testng.feuture.Excepted_Exception"/>
  <system-out/>
</testsuite> <!-- org.testng.feuture.Excepted_Exception -->
