<?xml version="1.0" encoding="UTF-8"?>
<!-- Generated by org.testng.reporters.JUnitReportReporter -->
<testsuite skipped="0" hostname="DESKTOP-ACUK7UO" name="org.testng.feuture.Prameterized_Test" tests="1" failures="0" timestamp="2022-04-01T19:14:48 IST" time="0.028" errors="0">
  <testcase name="credentialse" time="0.028" classname="org.testng.feuture.Prameterized_Test"/>
  <system-out/>
</testsuite> <!-- org.testng.feuture.Prameterized_Test -->
