<?xml version="1.0" encoding="UTF-8"?>
<!-- Generated by org.testng.reporters.JUnitReportReporter -->
<testsuite skipped="1" hostname="DESKTOP-ACUK7UO" name="org.testng.feuture.Ignore_Concept" tests="2" failures="0" timestamp="2022-03-29T22:19:04 IST" time="0.040" errors="0">
  <testcase name="Ipl" time="0.040" classname="org.testng.feuture.Ignore_Concept"/>
  <system-out/>
  <testcase name="hello" classname="org.testng.feuture.Ignore_Concept">
    <skipped/>
  </testcase> <!-- hello -->
  <system-out/>
</testsuite> <!-- org.testng.feuture.Ignore_Concept -->
