<?xml version="1.0" encoding="UTF-8"?>
<!-- Generated by org.testng.reporters.JUnitReportReporter -->
<testsuite skipped="0" hostname="DESKTOP-ACUK7UO" name="org.testng.feuture.Annotations_Demo_Class1" tests="3" failures="0" timestamp="2022-03-30T20:02:08 IST" time="0.073" errors="0">
  <testcase name="Jaga" time="0.032" classname="org.testng.feuture.Annotations_Demo_Class1"/>
  <system-out/>
  <testcase name="Vicky" time="0.014" classname="org.testng.feuture.Annotations_Demo_Class1"/>
  <system-out/>
  <testcase name="Pandiyan" time="0.027" classname="org.testng.feuture.Annotations_Demo_Class1"/>
  <system-out/>
</testsuite> <!-- org.testng.feuture.Annotations_Demo_Class1 -->
