<?xml version="1.0" encoding="UTF-8"?>
<!-- Generated by org.testng.reporters.JUnitReportReporter -->
<testsuite skipped="0" hostname="DESKTOP-ACUK7UO" name="org.testng.feuture.SoftAssert_Concept" tests="1" failures="0" timestamp="2022-04-02T07:47:25 IST" time="0.192" errors="0">
  <testcase name="username" time="0.192" classname="org.testng.feuture.SoftAssert_Concept"/>
  <system-out/>
</testsuite> <!-- org.testng.feuture.SoftAssert_Concept -->
