<?xml version="1.0" encoding="UTF-8"?>
<!-- Generated by org.testng.reporters.JUnitReportReporter -->
<testsuite skipped="0" hostname="DESKTOP-ACUK7UO" name="org.testng.feuture.Assert_Concept" tests="1" failures="0" timestamp="2022-04-02T07:39:03 IST" time="0.049" errors="0">
  <testcase name="username" time="0.049" classname="org.testng.feuture.Assert_Concept"/>
  <system-out/>
</testsuite> <!-- org.testng.feuture.Assert_Concept -->
