<?xml version="1.0" encoding="UTF-8"?>
<!-- Generated by org.testng.reporters.JUnitReportReporter -->
<testsuite skipped="0" hostname="DESKTOP-ACUK7UO" name="org.testng.feuture.Groups_Of_Groups_Concept" tests="3" failures="0" timestamp="2022-03-29T23:54:35 IST" time="0.069" errors="0">
  <testcase name="WynkMusic" time="0.013" classname="org.testng.feuture.Groups_Of_Groups_Concept"/>
  <system-out/>
  <testcase name="Instagram" time="0.049" classname="org.testng.feuture.Groups_Of_Groups_Concept"/>
  <system-out/>
  <testcase name="Playmusic" time="0.007" classname="org.testng.feuture.Groups_Of_Groups_Concept"/>
  <system-out/>
</testsuite> <!-- org.testng.feuture.Groups_Of_Groups_Concept -->
