<?xml version="1.0" encoding="UTF-8"?>
<!-- Generated by org.testng.reporters.JUnitReportReporter -->
<testsuite skipped="0" hostname="DESKTOP-ACUK7UO" name="org.testng.feuture.Invocation_Count" tests="5" failures="0" timestamp="2022-03-30T19:42:59 IST" time="0.152" errors="0">
  <testcase name="Browser_Lanch" time="0.042" classname="org.testng.feuture.Invocation_Count"/>
  <system-out/>
  <testcase name="refresh" time="0.044" classname="org.testng.feuture.Invocation_Count"/>
  <system-out/>
  <testcase name="refresh" time="0.019" classname="org.testng.feuture.Invocation_Count"/>
  <system-out/>
  <testcase name="refresh" time="0.029" classname="org.testng.feuture.Invocation_Count"/>
  <system-out/>
  <testcase name="Lanch_Url" time="0.018" classname="org.testng.feuture.Invocation_Count"/>
  <system-out/>
</testsuite> <!-- org.testng.feuture.Invocation_Count -->
