<?xml version="1.0" encoding="UTF-8"?>
<!-- Generated by org.testng.reporters.JUnitReportReporter -->
<testsuite skipped="0" hostname="DESKTOP-ACUK7UO" name="org.testng.feuture.Parallel_Demo_Multi_Threading" tests="2" failures="0" timestamp="2022-04-02T13:58:14 IST" time="0.056" errors="0">
  <testcase name="username" time="0.028" classname="org.testng.feuture.Parallel_Demo_Multi_Threading"/>
  <system-out/>
  <testcase name="password" time="0.028" classname="org.testng.feuture.Parallel_Demo_Multi_Threading"/>
  <system-out/>
</testsuite> <!-- org.testng.feuture.Parallel_Demo_Multi_Threading -->
