<?xml version="1.0" encoding="UTF-8"?>
<!-- Generated by org.testng.reporters.JUnitReportReporter -->
<testsuite skipped="0" hostname="DESKTOP-ACUK7UO" name="org.testng.feuture.Groups_Concept" tests="2" failures="0" timestamp="2022-03-29T23:13:21 IST" time="0.041" errors="0">
  <testcase name="Facebook" time="0.036" classname="org.testng.feuture.Groups_Concept"/>
  <system-out/>
  <testcase name="WhatsApp" time="0.005" classname="org.testng.feuture.Groups_Concept"/>
  <system-out/>
</testsuite> <!-- org.testng.feuture.Groups_Concept -->
