<?xml version="1.0" encoding="UTF-8"?>
<!-- Generated by org.testng.reporters.JUnitReportReporter -->
<testsuite skipped="0" hostname="DESKTOP-ACUK7UO" name="org.testng.feuture.Priority_Concept" tests="3" failures="0" timestamp="2022-03-29T20:24:13 IST" time="0.043" errors="0">
  <testcase name="sllc" time="0.027" classname="org.testng.feuture.Priority_Concept"/>
  <system-out/>
  <testcase name="Hssc" time="0.005" classname="org.testng.feuture.Priority_Concept"/>
  <system-out/>
  <testcase name="Collage" time="0.011" classname="org.testng.feuture.Priority_Concept"/>
  <system-out/>
</testsuite> <!-- org.testng.feuture.Priority_Concept -->
