<?xml version="1.0" encoding="UTF-8"?>
<!-- Generated by org.testng.reporters.JUnitReportReporter -->
<testsuite skipped="0" hostname="DESKTOP-ACUK7UO" name="org.testng.feuture.Dependency_Test" tests="3" failures="0" timestamp="2022-03-30T22:46:43 IST" time="0.031" errors="0">
  <testcase name="watch" time="0.024" classname="org.testng.feuture.Dependency_Test"/>
  <system-out/>
  <testcase name="mobile" time="0.003" classname="org.testng.feuture.Dependency_Test"/>
  <system-out/>
  <testcase name="offer" time="0.004" classname="org.testng.feuture.Dependency_Test"/>
  <system-out/>
</testsuite> <!-- org.testng.feuture.Dependency_Test -->
