<?xml version="1.0" encoding="UTF-8"?>
<!-- Generated by org.testng.reporters.JUnitReportReporter -->
<testsuite skipped="0" hostname="DESKTOP-ACUK7UO" name="org.testng.feuture.Parameterized_Test1" tests="1" failures="0" timestamp="2022-04-01T19:41:04 IST" time="0.026" errors="0">
  <testcase name="credentialse" time="0.026" classname="org.testng.feuture.Parameterized_Test1"/>
  <system-out/>
</testsuite> <!-- org.testng.feuture.Parameterized_Test1 -->
