<?xml version="1.0" encoding="UTF-8"?>
<!-- Generated by org.testng.reporters.JUnitReportReporter -->
<testsuite skipped="0" hostname="DESKTOP-ACUK7UO" name="org.runnerclasstestng.RunnerClass1234" tests="3" failures="0" timestamp="2022-04-03T22:44:33 IST" time="204.152" errors="0">
  <testcase name="summerdress" time="62.379" classname="org.runnerclasstestng.RunnerClass1234"/>
  <system-out/>
  <testcase name="casualdress" time="80.738" classname="org.runnerclasstestng.RunnerClass1234"/>
  <system-out/>
  <testcase name="winterdress" time="61.035" classname="org.runnerclasstestng.RunnerClass1234"/>
  <system-out/>
</testsuite> <!-- org.runnerclasstestng.RunnerClass1234 -->
